<?xml version="1.0" encoding="UTF-8"?>
<testsuite xmlns:xsi="http://www.w3.org/2001/XMLSchema-instance" xsi:noNamespaceSchemaLocation="https://maven.apache.org/surefire/maven-surefire-plugin/xsd/surefire-test-report-3.0.xsd" version="3.0" name="net.engineeringdigest.journalApp.service.UserServiceTests" time="0.088" tests="1" errors="0" skipped="1" failures="0">
  <properties>
[...]
</properties>
  <testcase name="TestForfindByUsername" classname="net.engineeringdigest.journalApp.service.UserServiceTests" time="0.0">
    <skipped message="public void net.engineeringdigest.journalApp.service.UserServiceTests.TestForfindByUsername() is @Disabled"/>
    <system-out><![CDATA[2025-12-30T23:20:59.174+05:30  INFO 7944 --- [           main] t.c.s.AnnotationConfigContextLoaderUtils : Could not detect default configuration classes for test class [net.engineeringdigest.journalApp.service.UserServiceTests]: UserServiceTests does not declare any static, non-private, non-final, nested classes annotated with @Configuration.
2025-12-30T23:20:59.209+05:30  INFO 7944 --- [           main] .b.t.c.SpringBootTestContextBootstrapper : Found @SpringBootConfiguration net.engineeringdigest.journalApp.JournalApplication for test class net.engineeringdigest.journalApp.service.UserServiceTests
]]></system-out>
  </testcase>
</testsuite>